This is pdfTeX, Version 3.14159265-2.6-1.40.17 (TeX Live 2016) (preloaded format=pdflatex 2016.5.22)  1 APR 2018 16:47
entering extended mode
 restricted \write18 enabled.
 file:line:error style messages enabled.
 %&-line parsing enabled.
**ce-3372-2018-1-ex2V1.2.tex
(./ce-3372-2018-1-ex2V1.2.tex
LaTeX2e <2016/03/31>
Babel <3.9r> and hyphenation patterns for 83 language(s) loaded.
(/usr/local/texlive/2016/texmf-dist/tex/latex/base/article.cls
Document Class: article 2014/09/29 v1.4h Standard LaTeX document class
(/usr/local/texlive/2016/texmf-dist/tex/latex/base/size11.clo
File: size11.clo 2014/09/29 v1.4h Standard LaTeX file (size option)
)
\c@part=\count79
\c@section=\count80
\c@subsection=\count81
\c@subsubsection=\count82
\c@paragraph=\count83
\c@subparagraph=\count84
\c@figure=\count85
\c@table=\count86
\abovecaptionskip=\skip41
\belowcaptionskip=\skip42
\bibindent=\dimen102
)
(/usr/local/texlive/2016/texmf-dist/tex/latex/geometry/geometry.sty
Package: geometry 2010/09/12 v5.6 Page Geometry

(/usr/local/texlive/2016/texmf-dist/tex/latex/graphics/keyval.sty
Package: keyval 2014/10/28 v1.15 key=value parser (DPC)
\KV@toks@=\toks14
)
(/usr/local/texlive/2016/texmf-dist/tex/generic/oberdiek/ifpdf.sty
Package: ifpdf 2016/05/14 v3.1 Provides the ifpdf switch
)
(/usr/local/texlive/2016/texmf-dist/tex/generic/oberdiek/ifvtex.sty
Package: ifvtex 2016/05/16 v1.6 Detect VTeX and its facilities (HO)
Package ifvtex Info: VTeX not detected.
)
(/usr/local/texlive/2016/texmf-dist/tex/generic/ifxetex/ifxetex.sty
Package: ifxetex 2010/09/12 v0.6 Provides ifxetex conditional
)
\Gm@cnth=\count87
\Gm@cntv=\count88
\c@Gm@tempcnt=\count89
\Gm@bindingoffset=\dimen103
\Gm@wd@mp=\dimen104
\Gm@odd@mp=\dimen105
\Gm@even@mp=\dimen106
\Gm@layoutwidth=\dimen107
\Gm@layoutheight=\dimen108
\Gm@layouthoffset=\dimen109
\Gm@layoutvoffset=\dimen110
\Gm@dimlist=\toks15
)
(/usr/local/texlive/2016/texmf-dist/tex/latex/parskip/parskip.sty
Package: parskip 2001/04/09 non-zero parskip adjustments
) (./daves.sty
Dave's standard definitions: Last modified Friday, July 7, 1995.
.....dbt changed footnote indentation
.....dbt changed labels to arabic
.....dbt included milestone charts
\mile@i=\count90
\mile@j=\count91
\mile@startmonth=\count92
\mile@endmonth=\count93
\mile@major=\count94
\mile@month=\dimen111
\mile@width=\dimen112
\mile@shift=\dimen113
\mile@trheight=\dimen114
\mile@trdepth=\dimen115
) (/usr/local/texlive/2016/texmf-dist/tex/latex/fancyhdr/fancyhdr.sty
\fancy@headwidth=\skip43
\f@ncyO@elh=\skip44
\f@ncyO@erh=\skip45
\f@ncyO@olh=\skip46
\f@ncyO@orh=\skip47
\f@ncyO@elf=\skip48
\f@ncyO@erf=\skip49
\f@ncyO@olf=\skip50
\f@ncyO@orf=\skip51
)
(/usr/local/texlive/2016/texmf-dist/tex/latex/natbib/natbib.sty
Package: natbib 2010/09/13 8.31b (PWD, AO)
\bibhang=\skip52
\bibsep=\skip53
LaTeX Info: Redefining \cite on input line 694.
\c@NAT@ctr=\count95
)
(/usr/local/texlive/2016/texmf-dist/tex/latex/graphics/graphicx.sty
Package: graphicx 2014/10/28 v1.0g Enhanced LaTeX Graphics (DPC,SPQR)

(/usr/local/texlive/2016/texmf-dist/tex/latex/graphics/graphics.sty
Package: graphics 2016/05/09 v1.0r Standard LaTeX Graphics (DPC,SPQR)

(/usr/local/texlive/2016/texmf-dist/tex/latex/graphics/trig.sty
Package: trig 2016/01/03 v1.10 sin cos tan (DPC)
)
(/usr/local/texlive/2016/texmf-dist/tex/latex/graphics-cfg/graphics.cfg
File: graphics.cfg 2016/01/02 v1.10 sample graphics configuration
)
Package graphics Info: Driver file: pdftex.def on input line 96.

(/usr/local/texlive/2016/texmf-dist/tex/latex/pdftex-def/pdftex.def
File: pdftex.def 2011/05/27 v0.06d Graphics/color for pdfTeX

(/usr/local/texlive/2016/texmf-dist/tex/generic/oberdiek/infwarerr.sty
Package: infwarerr 2016/05/16 v1.4 Providing info/warning/error messages (HO)
)
(/usr/local/texlive/2016/texmf-dist/tex/generic/oberdiek/ltxcmds.sty
Package: ltxcmds 2016/05/16 v1.23 LaTeX kernel commands for general use (HO)
)
\Gread@gobject=\count96
))
\Gin@req@height=\dimen116
\Gin@req@width=\dimen117
)
(/usr/local/texlive/2016/texmf-dist/tex/latex/tools/dcolumn.sty
Package: dcolumn 2014/10/28 v1.06 decimal alignment package (DPC)

(/usr/local/texlive/2016/texmf-dist/tex/latex/tools/array.sty
Package: array 2014/10/28 v2.4c Tabular extension package (FMi)
\col@sep=\dimen118
\extrarowheight=\dimen119
\NC@list=\toks16
\extratabsurround=\skip54
\backup@length=\skip55
))
(/usr/local/texlive/2016/texmf-dist/tex/latex/amsmath/amsmath.sty
Package: amsmath 2016/03/10 v2.15b AMS math features
\@mathmargin=\skip56

For additional information on amsmath, use the `?' option.
(/usr/local/texlive/2016/texmf-dist/tex/latex/amsmath/amstext.sty
Package: amstext 2000/06/29 v2.01 AMS text

(/usr/local/texlive/2016/texmf-dist/tex/latex/amsmath/amsgen.sty
File: amsgen.sty 1999/11/30 v2.0 generic functions
\@emptytoks=\toks17
\ex@=\dimen120
))
(/usr/local/texlive/2016/texmf-dist/tex/latex/amsmath/amsbsy.sty
Package: amsbsy 1999/11/29 v1.2d Bold Symbols
\pmbraise@=\dimen121
)
(/usr/local/texlive/2016/texmf-dist/tex/latex/amsmath/amsopn.sty
Package: amsopn 2016/03/08 v2.02 operator names
)
\inf@bad=\count97
LaTeX Info: Redefining \frac on input line 199.
\uproot@=\count98
\leftroot@=\count99
LaTeX Info: Redefining \overline on input line 297.
\classnum@=\count100
\DOTSCASE@=\count101
LaTeX Info: Redefining \ldots on input line 394.
LaTeX Info: Redefining \dots on input line 397.
LaTeX Info: Redefining \cdots on input line 518.
\Mathstrutbox@=\box26
\strutbox@=\box27
\big@size=\dimen122
LaTeX Font Info:    Redeclaring font encoding OML on input line 634.
LaTeX Font Info:    Redeclaring font encoding OMS on input line 635.
\macc@depth=\count102
\c@MaxMatrixCols=\count103
\dotsspace@=\muskip10
\c@parentequation=\count104
\dspbrk@lvl=\count105
\tag@help=\toks18
\row@=\count106
\column@=\count107
\maxfields@=\count108
\andhelp@=\toks19
\eqnshift@=\dimen123
\alignsep@=\dimen124
\tagshift@=\dimen125
\tagwidth@=\dimen126
\totwidth@=\dimen127
\lineht@=\dimen128
\@envbody=\toks20
\multlinegap=\skip57
\multlinetaggap=\skip58
\mathdisplay@stack=\toks21
LaTeX Info: Redefining \[ on input line 2739.
LaTeX Info: Redefining \] on input line 2740.
)
(/usr/local/texlive/2016/texmf-dist/tex/latex/lastpage/lastpage.sty
Package: lastpage 2015/03/29 v1.2m Refers to last page's name (HMM; JPG)
)
(/usr/local/texlive/2016/texmf-dist/tex/latex/url/url.sty
\Urlmuskip=\muskip11
Package: url 2013/09/16  ver 3.4  Verb mode for urls, etc.
)
(/usr/local/texlive/2016/texmf-dist/tex/latex/amsfonts/amssymb.sty
Package: amssymb 2013/01/14 v3.01 AMS font symbols

(/usr/local/texlive/2016/texmf-dist/tex/latex/amsfonts/amsfonts.sty
Package: amsfonts 2013/01/14 v3.01 Basic AMSFonts support
\symAMSa=\mathgroup4
\symAMSb=\mathgroup5
LaTeX Font Info:    Overwriting math alphabet `\mathfrak' in version `bold'
(Font)                  U/euf/m/n --> U/euf/b/n on input line 106.
))
(/usr/local/texlive/2016/texmf-dist/tex/latex/oberdiek/epstopdf.sty
Package: epstopdf 2016/05/15 v2.6 Conversion with epstopdf on the fly (HO)

(/usr/local/texlive/2016/texmf-dist/tex/latex/oberdiek/epstopdf-base.sty
Package: epstopdf-base 2016/05/15 v2.6 Base part for package epstopdf

(/usr/local/texlive/2016/texmf-dist/tex/latex/oberdiek/grfext.sty
Package: grfext 2016/05/16 v1.2 Manage graphics extensions (HO)

(/usr/local/texlive/2016/texmf-dist/tex/generic/oberdiek/kvdefinekeys.sty
Package: kvdefinekeys 2016/05/16 v1.4 Define keys (HO)
))
(/usr/local/texlive/2016/texmf-dist/tex/latex/oberdiek/kvoptions.sty
Package: kvoptions 2016/05/16 v3.12 Key value format for package options (HO)

(/usr/local/texlive/2016/texmf-dist/tex/generic/oberdiek/kvsetkeys.sty
Package: kvsetkeys 2016/05/16 v1.17 Key value parser (HO)

(/usr/local/texlive/2016/texmf-dist/tex/generic/oberdiek/etexcmds.sty
Package: etexcmds 2016/05/16 v1.6 Avoid name clashes with e-TeX commands (HO)

(/usr/local/texlive/2016/texmf-dist/tex/generic/oberdiek/ifluatex.sty
Package: ifluatex 2016/05/16 v1.4 Provides the ifluatex switch (HO)
Package ifluatex Info: LuaTeX not detected.
)
Package etexcmds Info: Could not find \expanded.
(etexcmds)             That can mean that you are not using pdfTeX 1.50 or
(etexcmds)             that some package has redefined \expanded.
(etexcmds)             In the latter case, load this package earlier.
)))
(/usr/local/texlive/2016/texmf-dist/tex/generic/oberdiek/pdftexcmds.sty
Package: pdftexcmds 2016/05/10 v0.21 Utility functions of pdfTeX for LuaTeX (HO
)
Package pdftexcmds Info: LuaTeX not detected.
Package pdftexcmds Info: \pdf@primitive is available.
Package pdftexcmds Info: \pdf@ifprimitive is available.
Package pdftexcmds Info: \pdfdraftmode found.
)
Package grfext Info: Graphics extension search list:
(grfext)             [.png,.pdf,.jpg,.mps,.jpeg,.jbig2,.jb2,.PNG,.PDF,.JPG,.JPE
G,.JBIG2,.JB2,.eps]
(grfext)             \AppendGraphicsExtensions on input line 456.

(/usr/local/texlive/2016/texmf-dist/tex/latex/latexconfig/epstopdf-sys.cfg
File: epstopdf-sys.cfg 2010/07/13 v1.3 Configuration of (r)epstopdf for TeX Liv
e
)))
(/usr/local/texlive/2016/texmf-dist/tex/latex/tools/longtable.sty
Package: longtable 2014/10/28 v4.11 Multi-page Table package (DPC)
\LTleft=\skip59
\LTright=\skip60
\LTpre=\skip61
\LTpost=\skip62
\LTchunksize=\count109
\LTcapwidth=\dimen129
\LT@head=\box28
\LT@firsthead=\box29
\LT@foot=\box30
\LT@lastfoot=\box31
\LT@cols=\count110
\LT@rows=\count111
\c@LT@tables=\count112
\c@LT@chunks=\count113
\LT@p@ftn=\toks22
)
(/usr/local/texlive/2016/texmf-dist/tex/latex/paralist/paralist.sty
Package: paralist 2015/12/30 v2.5 Extended list environments
\pltopsep=\skip63
\plpartopsep=\skip64
\plitemsep=\skip65
\plparsep=\skip66
\pl@lab=\toks23
)
(/usr/local/texlive/2016/texmf-dist/tex/latex/pdfpages/pdfpages.sty
Package: pdfpages 2016/04/19 v0.5f Insert pages of external PDF documents (AM)

(/usr/local/texlive/2016/texmf-dist/tex/latex/base/ifthen.sty
Package: ifthen 2014/09/29 v1.1c Standard LaTeX ifthen package (DPC)
)
(/usr/local/texlive/2016/texmf-dist/tex/latex/tools/calc.sty
Package: calc 2014/10/28 v4.3 Infix arithmetic (KKT,FJ)
\calc@Acount=\count114
\calc@Bcount=\count115
\calc@Adimen=\dimen130
\calc@Bdimen=\dimen131
\calc@Askip=\skip67
\calc@Bskip=\skip68
LaTeX Info: Redefining \setlength on input line 80.
LaTeX Info: Redefining \addtolength on input line 81.
\calc@Ccount=\count116
\calc@Cskip=\skip69
)
(/usr/local/texlive/2016/texmf-dist/tex/latex/eso-pic/eso-pic.sty
Package: eso-pic 2015/07/21 v2.0g eso-pic (RN)

(/usr/local/texlive/2016/texmf-dist/tex/generic/oberdiek/atbegshi.sty
Package: atbegshi 2016/05/16 v1.17 At begin shipout hook (HO)
)
(/usr/local/texlive/2016/texmf-dist/tex/latex/xcolor/xcolor.sty
Package: xcolor 2016/05/11 v2.12 LaTeX color extensions (UK)

(/usr/local/texlive/2016/texmf-dist/tex/latex/graphics-cfg/color.cfg
File: color.cfg 2016/01/02 v1.6 sample color configuration
)
Package xcolor Info: Driver file: pdftex.def on input line 225.
Package xcolor Info: Model `cmy' substituted by `cmy0' on input line 1348.
Package xcolor Info: Model `hsb' substituted by `rgb' on input line 1352.
Package xcolor Info: Model `RGB' extended on input line 1364.
Package xcolor Info: Model `HTML' substituted by `rgb' on input line 1366.
Package xcolor Info: Model `Hsb' substituted by `hsb' on input line 1367.
Package xcolor Info: Model `tHsb' substituted by `hsb' on input line 1368.
Package xcolor Info: Model `HSB' substituted by `hsb' on input line 1369.
Package xcolor Info: Model `Gray' substituted by `gray' on input line 1370.
Package xcolor Info: Model `wave' substituted by `hsb' on input line 1371.
))
\AM@pagewidth=\dimen132
\AM@pageheight=\dimen133

(/usr/local/texlive/2016/texmf-dist/tex/latex/pdfpages/pppdftex.def
File: pppdftex.def 2016/04/19 v0.5f Pdfpages driver for pdfTeX (AM)
)
\AM@pagebox=\box32
\AM@global@opts=\toks24
\AM@toc@title=\toks25
\c@AM@survey=\count117
\AM@templatesizebox=\box33
)
(./ce-3372-2018-1-ex2V1.2.aux)
\openout1 = `ce-3372-2018-1-ex2V1.2.aux'.

LaTeX Font Info:    Checking defaults for OML/cmm/m/it on input line 22.
LaTeX Font Info:    ... okay on input line 22.
LaTeX Font Info:    Checking defaults for T1/cmr/m/n on input line 22.
LaTeX Font Info:    ... okay on input line 22.
LaTeX Font Info:    Checking defaults for OT1/cmr/m/n on input line 22.
LaTeX Font Info:    ... okay on input line 22.
LaTeX Font Info:    Checking defaults for OMS/cmsy/m/n on input line 22.
LaTeX Font Info:    ... okay on input line 22.
LaTeX Font Info:    Checking defaults for OMX/cmex/m/n on input line 22.
LaTeX Font Info:    ... okay on input line 22.
LaTeX Font Info:    Checking defaults for U/cmr/m/n on input line 22.
LaTeX Font Info:    ... okay on input line 22.

*geometry* driver: auto-detecting
*geometry* detected driver: pdftex
*geometry* verbose mode - [ preamble ] result:
* driver: pdftex
* paper: letterpaper
* layout: <same size as paper>
* layoutoffset:(h,v)=(0.0pt,0.0pt)
* modes: 
* h-part:(L,W,R)=(92.14519pt, 430.00462pt, 92.14519pt)
* v-part:(T,H,B)=(95.39737pt, 556.47656pt, 143.09605pt)
* \paperwidth=614.295pt
* \paperheight=794.96999pt
* \textwidth=469.75499pt
* \textheight=596.2275pt
* \oddsidemargin=0.0pt
* \evensidemargin=0.0pt
* \topmargin=0.0pt
* \headheight=12.0pt
* \headsep=25.0pt
* \topskip=11.0pt
* \footskip=30.0pt
* \marginparwidth=59.0pt
* \marginparsep=10.0pt
* \columnsep=10.0pt
* \skip\footins=10.0pt plus 4.0pt minus 2.0pt
* \hoffset=0.0pt
* \voffset=0.0pt
* \mag=1000
* \@twocolumnfalse
* \@twosidefalse
* \@mparswitchfalse
* \@reversemarginfalse
* (1in=72.27pt=25.4mm, 1cm=28.453pt)

(/usr/local/texlive/2016/texmf-dist/tex/context/base/mkii/supp-pdf.mkii
[Loading MPS to PDF converter (version 2006.09.02).]
\scratchcounter=\count118
\scratchdimen=\dimen134
\scratchbox=\box34
\nofMPsegments=\count119
\nofMParguments=\count120
\everyMPshowfont=\toks26
\MPscratchCnt=\count121
\MPscratchDim=\dimen135
\MPnumerator=\count122
\makeMPintoPDFobject=\count123
\everyMPtoPDFconversion=\toks27
)
Package lastpage Info: Please have a look at the pageslts package at
(lastpage)             https://www.ctan.org/pkg/pageslts
(lastpage)             ! on input line 22.
\AtBeginShipoutBox=\box35
 (/usr/local/texlive/2016/texmf-dist/tex/latex/oberdiek/pdflscape.sty
Package: pdflscape 2016/05/14 v0.11 Display of landscape pages in PDF (HO)

(/usr/local/texlive/2016/texmf-dist/tex/latex/graphics/lscape.sty
Package: lscape 2000/10/22 v3.01 Landscape Pages (DPC)
)
Package pdflscape Info: Auto-detected driver: pdftex on input line 81.
)
LaTeX Font Info:    Try loading font information for U+msa on input line 26.

(/usr/local/texlive/2016/texmf-dist/tex/latex/amsfonts/umsa.fd
File: umsa.fd 2013/01/14 v3.01 AMS symbols A
)
LaTeX Font Info:    Try loading font information for U+msb on input line 26.

(/usr/local/texlive/2016/texmf-dist/tex/latex/amsfonts/umsb.fd
File: umsb.fd 2013/01/14 v3.01 AMS symbols B
)

Package Fancyhdr Warning: \headheight is too small (12.0pt): 
 Make it at least 13.59999pt.
 We now make it that large for the rest of the document.
 This may cause the page layout to be inconsistent, however.

[1{/usr/local/texlive/2016/texmf-var/fonts/map/pdftex/updmap/pdftex.map}

]
<CircularSewerToo.jpg, id=12, 352.31625pt x 323.2075pt>
File: CircularSewerToo.jpg Graphic file (type jpg)

<use CircularSewerToo.jpg>
Package pdftex.def Info: CircularSewerToo.jpg used on input line 118.
(pdftex.def)             Requested size: 137.31255pt x 125.96657pt.


Package Fancyhdr Warning: \headheight is too small (12.0pt): 
 Make it at least 13.59999pt.
 We now make it that large for the rest of the document.
 This may cause the page layout to be inconsistent, however.

[2

 <./CircularSewerToo.jpg>]
<TriangleChannel.jpg, id=16, 346.29375pt x 285.065pt>
File: TriangleChannel.jpg Graphic file (type jpg)

<use TriangleChannel.jpg>
Package pdftex.def Info: TriangleChannel.jpg used on input line 147.
(pdftex.def)             Requested size: 158.99377pt x 130.88354pt.


Package Fancyhdr Warning: \headheight is too small (12.0pt): 
 Make it at least 13.59999pt.
 We now make it that large for the rest of the document.
 This may cause the page layout to be inconsistent, however.

[3

 <./TriangleChannel.jpg>]
<epa-net-map-gpm.jpg, id=20, 865.2325pt x 620.3175pt>
File: epa-net-map-gpm.jpg Graphic file (type jpg)

<use epa-net-map-gpm.jpg>
Package pdftex.def Info: epa-net-map-gpm.jpg used on input line 182.
(pdftex.def)             Requested size: 433.62pt x 310.87735pt.

Underfull \hbox (badness 10000) in paragraph at lines 187--191

 []


Package Fancyhdr Warning: \headheight is too small (12.0pt): 
 Make it at least 13.59999pt.
 We now make it that large for the rest of the document.
 This may cause the page layout to be inconsistent, however.

[4

 <./epa-net-map-gpm.jpg>]

Package Fancyhdr Warning: \headheight is too small (12.0pt): 
 Make it at least 13.59999pt.
 We now make it that large for the rest of the document.
 This may cause the page layout to be inconsistent, however.

[5]

Package Fancyhdr Warning: \headheight is too small (12.0pt): 
 Make it at least 13.59999pt.
 We now make it that large for the rest of the document.
 This may cause the page layout to be inconsistent, however.

[6] <BlankPumpCurve.jpg, id=33, 555.07375pt x 563.10374pt>
File: BlankPumpCurve.jpg Graphic file (type jpg)

<use BlankPumpCurve.jpg>
Package pdftex.def Info: BlankPumpCurve.jpg used on input line 332.
(pdftex.def)             Requested size: 433.62pt x 439.89795pt.


Package Fancyhdr Warning: \headheight is too small (12.0pt): 
 Make it at least 13.59999pt.
 We now make it that large for the rest of the document.
 This may cause the page layout to be inconsistent, however.

[7 <./BlankPumpCurve.jpg>]
Underfull \hbox (badness 10000) in paragraph at lines 337--359

 []


Underfull \hbox (badness 10000) in paragraph at lines 337--359

 []


Underfull \hbox (badness 10000) in paragraph at lines 337--359

 []


Underfull \hbox (badness 10000) in paragraph at lines 337--359

 []


Underfull \hbox (badness 10000) in paragraph at lines 337--359

 []


Underfull \hbox (badness 10000) in paragraph at lines 337--359

 []


Underfull \hbox (badness 10000) in paragraph at lines 337--359

 []


Underfull \hbox (badness 10000) in paragraph at lines 337--359

 []


Underfull \hbox (badness 10000) in paragraph at lines 337--359

 []


Underfull \hbox (badness 10000) in paragraph at lines 337--359

 []


Underfull \hbox (badness 10000) in paragraph at lines 337--359

 []


Underfull \hbox (badness 10000) in paragraph at lines 337--359

 []


Underfull \hbox (badness 10000) in paragraph at lines 337--359

 []


Underfull \hbox (badness 10000) in paragraph at lines 337--359

 []


Underfull \hbox (badness 10000) in paragraph at lines 337--359

 []


Underfull \hbox (badness 10000) in paragraph at lines 337--359

 []


Underfull \hbox (badness 10000) in paragraph at lines 337--359

 []


Underfull \hbox (badness 10000) in paragraph at lines 337--359

 []


Underfull \hbox (badness 10000) in paragraph at lines 337--359

 []


Underfull \hbox (badness 10000) in paragraph at lines 337--359

 []


Underfull \hbox (badness 10000) in paragraph at lines 360--382

 []


Underfull \hbox (badness 10000) in paragraph at lines 360--382

 []


Underfull \hbox (badness 10000) in paragraph at lines 360--382

 []


Underfull \hbox (badness 10000) in paragraph at lines 360--382

 []


Underfull \hbox (badness 10000) in paragraph at lines 360--382

 []


Underfull \hbox (badness 10000) in paragraph at lines 360--382

 []


Underfull \hbox (badness 10000) in paragraph at lines 360--382

 []


Underfull \hbox (badness 10000) in paragraph at lines 360--382

 []


Underfull \hbox (badness 10000) in paragraph at lines 360--382

 []


Underfull \hbox (badness 10000) in paragraph at lines 360--382

 []


Underfull \hbox (badness 10000) in paragraph at lines 360--382

 []


Underfull \hbox (badness 10000) in paragraph at lines 360--382

 []


Underfull \hbox (badness 10000) in paragraph at lines 360--382

 []


Underfull \hbox (badness 10000) in paragraph at lines 360--382

 []


Underfull \hbox (badness 10000) in paragraph at lines 360--382

 []


Underfull \hbox (badness 10000) in paragraph at lines 360--382

 []


Underfull \hbox (badness 10000) in paragraph at lines 360--382

 []


Underfull \hbox (badness 10000) in paragraph at lines 360--382

 []


Underfull \hbox (badness 10000) in paragraph at lines 360--382

 []


Underfull \hbox (badness 10000) in paragraph at lines 360--382

 []


Package Fancyhdr Warning: \headheight is too small (12.0pt): 
 Make it at least 13.59999pt.
 We now make it that large for the rest of the document.
 This may cause the page layout to be inconsistent, however.

[8

] <epa-net-map-gpm-no5.jpg, id=41, 865.2325pt x 620.3175pt>
File: epa-net-map-gpm-no5.jpg Graphic file (type jpg)

<use epa-net-map-gpm-no5.jpg>
Package pdftex.def Info: epa-net-map-gpm-no5.jpg used on input line 388.
(pdftex.def)             Requested size: 433.62pt x 310.87735pt.

Underfull \hbox (badness 10000) in paragraph at lines 394--395

 []


Underfull \hbox (badness 10000) in paragraph at lines 394--395

 []


Underfull \hbox (badness 10000) in paragraph at lines 395--396

 []


Underfull \hbox (badness 10000) in paragraph at lines 395--396

 []


Underfull \hbox (badness 10000) in paragraph at lines 396--397

 []


Underfull \hbox (badness 10000) in paragraph at lines 396--397

 []


Package Fancyhdr Warning: \headheight is too small (12.0pt): 
 Make it at least 13.59999pt.
 We now make it that large for the rest of the document.
 This may cause the page layout to be inconsistent, however.

[9 <./epa-net-map-gpm-no5.jpg>]
Underfull \hbox (badness 10000) in paragraph at lines 397--398

 []


Underfull \hbox (badness 10000) in paragraph at lines 397--398

 []


Underfull \hbox (badness 10000) in paragraph at lines 398--399

 []


Underfull \hbox (badness 10000) in paragraph at lines 398--399

 []


Underfull \hbox (badness 10000) in paragraph at lines 398--399

 []


Underfull \hbox (badness 10000) in paragraph at lines 399--400

 []


Underfull \hbox (badness 10000) in paragraph at lines 399--400

 []


Underfull \hbox (badness 10000) in paragraph at lines 399--400

 []


Underfull \hbox (badness 10000) in paragraph at lines 400--401

 []


Underfull \hbox (badness 10000) in paragraph at lines 400--401

 []


Underfull \hbox (badness 10000) in paragraph at lines 400--401

 []


Underfull \hbox (badness 10000) in paragraph at lines 401--402

 []


Underfull \hbox (badness 10000) in paragraph at lines 401--402

 []


Underfull \hbox (badness 10000) in paragraph at lines 401--402

 []


Underfull \hbox (badness 10000) in paragraph at lines 402--403

 []


Underfull \hbox (badness 10000) in paragraph at lines 402--403

 []


Underfull \hbox (badness 10000) in paragraph at lines 402--403

 []


Underfull \hbox (badness 10000) in paragraph at lines 403--404

 []


Underfull \hbox (badness 10000) in paragraph at lines 403--404

 []


Underfull \hbox (badness 10000) in paragraph at lines 403--404

 []


Overfull \hbox (7.3861pt too wide) in paragraph at lines 455--455
[]  \OT1/cmtt/m/n/10.95 6                    0.00     12.00      0.03      0.00
    -20.00     0.000  Pump[] 
 []


LaTeX Warning: Float too large for page by 20.9936pt on input line 458.


Overfull \hbox (7.3861pt too wide) in paragraph at lines 507--507
[]  \OT1/cmtt/m/n/10.95 6                    0.00     12.00     47.34      0.00
    -18.74     0.000  Pump[] 
 []


LaTeX Warning: Float too large for page by 7.3936pt on input line 510.


Overfull \hbox (7.3861pt too wide) in paragraph at lines 560--560
[]  \OT1/cmtt/m/n/10.95 6                    0.00     12.00     94.68      0.00
    -17.12     0.000  Pump[] 
 []


LaTeX Warning: Float too large for page by 34.59361pt on input line 563.


Overfull \hbox (7.3861pt too wide) in paragraph at lines 611--611
[]  \OT1/cmtt/m/n/10.95 6                    0.00     12.00    142.02      0.00
    -13.52     0.000  Pump[] 
 []


LaTeX Warning: Float too large for page by 7.3936pt on input line 614.


Package Fancyhdr Warning: \headheight is too small (12.0pt): 
 Make it at least 13.59999pt.
 We now make it that large for the rest of the document.
 This may cause the page layout to be inconsistent, however.

[10]

Package Fancyhdr Warning: \headheight is too small (12.0pt): 
 Make it at least 13.59999pt.
 We now make it that large for the rest of the document.
 This may cause the page layout to be inconsistent, however.

[11]

Package Fancyhdr Warning: \headheight is too small (12.0pt): 
 Make it at least 13.59999pt.
 We now make it that large for the rest of the document.
 This may cause the page layout to be inconsistent, however.

[12]

Package Fancyhdr Warning: \headheight is too small (12.0pt): 
 Make it at least 13.59999pt.
 We now make it that large for the rest of the document.
 This may cause the page layout to be inconsistent, however.

[13]

Package Fancyhdr Warning: \headheight is too small (12.0pt): 
 Make it at least 13.59999pt.
 We now make it that large for the rest of the document.
 This may cause the page layout to be inconsistent, however.

[14]
Underfull \hbox (badness 10000) in paragraph at lines 616--619

 []


Underfull \hbox (badness 10000) in paragraph at lines 619--620

 []


Underfull \hbox (badness 10000) in paragraph at lines 619--620

 []


Underfull \hbox (badness 10000) in paragraph at lines 619--620

 []


Underfull \hbox (badness 10000) in paragraph at lines 619--620

 []


Underfull \hbox (badness 10000) in paragraph at lines 619--620

 []


Underfull \hbox (badness 10000) in paragraph at lines 619--620

 []


Underfull \hbox (badness 10000) in paragraph at lines 619--620

 []


Underfull \hbox (badness 10000) in paragraph at lines 620--621

 []


Underfull \hbox (badness 10000) in paragraph at lines 620--621

 []


Underfull \hbox (badness 10000) in paragraph at lines 620--621

 []


Underfull \hbox (badness 10000) in paragraph at lines 620--621

 []


Underfull \hbox (badness 10000) in paragraph at lines 620--621

 []


Underfull \hbox (badness 10000) in paragraph at lines 620--621

 []


Underfull \hbox (badness 10000) in paragraph at lines 620--621

 []


Underfull \hbox (badness 10000) in paragraph at lines 621--622

 []


Underfull \hbox (badness 10000) in paragraph at lines 621--622

 []


Underfull \hbox (badness 10000) in paragraph at lines 621--622

 []


Underfull \hbox (badness 10000) in paragraph at lines 621--622

 []


Underfull \hbox (badness 10000) in paragraph at lines 621--622

 []


Underfull \hbox (badness 10000) in paragraph at lines 621--622

 []


Underfull \hbox (badness 10000) in paragraph at lines 621--622

 []


Underfull \hbox (badness 10000) in paragraph at lines 622--623

 []


Underfull \hbox (badness 10000) in paragraph at lines 622--623

 []


Underfull \hbox (badness 10000) in paragraph at lines 622--623

 []


Underfull \hbox (badness 10000) in paragraph at lines 622--623

 []


Underfull \hbox (badness 10000) in paragraph at lines 622--623

 []


Underfull \hbox (badness 10000) in paragraph at lines 622--623

 []


Underfull \hbox (badness 10000) in paragraph at lines 622--623

 []


Package Fancyhdr Warning: \headheight is too small (12.0pt): 
 Make it at least 13.59999pt.
 We now make it that large for the rest of the document.
 This may cause the page layout to be inconsistent, however.

[15

]
Underfull \hbox (badness 10000) in paragraph at lines 624--625

 []


Underfull \hbox (badness 10000) in paragraph at lines 624--625

 []


Underfull \hbox (badness 10000) in paragraph at lines 624--625

 []


Underfull \hbox (badness 10000) in paragraph at lines 624--625

 []


Underfull \hbox (badness 10000) in paragraph at lines 624--625

 []


Underfull \hbox (badness 10000) in paragraph at lines 624--625

 []


Underfull \hbox (badness 10000) in paragraph at lines 624--625

 []


Underfull \hbox (badness 10000) in paragraph at lines 625--626

 []


Underfull \hbox (badness 10000) in paragraph at lines 625--626

 []


Underfull \hbox (badness 10000) in paragraph at lines 625--626

 []


Underfull \hbox (badness 10000) in paragraph at lines 625--626

 []


Underfull \hbox (badness 10000) in paragraph at lines 625--626

 []


Underfull \hbox (badness 10000) in paragraph at lines 625--626

 []


Underfull \hbox (badness 10000) in paragraph at lines 625--626

 []


Underfull \hbox (badness 10000) in paragraph at lines 626--627

 []


Underfull \hbox (badness 10000) in paragraph at lines 626--627

 []


Underfull \hbox (badness 10000) in paragraph at lines 626--627

 []


Underfull \hbox (badness 10000) in paragraph at lines 626--627

 []


Underfull \hbox (badness 10000) in paragraph at lines 627--628

 []


Underfull \hbox (badness 10000) in paragraph at lines 627--628

 []


Underfull \hbox (badness 10000) in paragraph at lines 627--628

 []


Underfull \hbox (badness 10000) in paragraph at lines 628--629

 []


Underfull \hbox (badness 10000) in paragraph at lines 628--629

 []


Underfull \hbox (badness 10000) in paragraph at lines 628--629

 []

<WaterQuality-1.jpg, id=65, 496.85625pt x 816.04875pt>
File: WaterQuality-1.jpg Graphic file (type jpg)

<use WaterQuality-1.jpg>
Package pdftex.def Info: WaterQuality-1.jpg used on input line 634.
(pdftex.def)             Requested size: 325.215pt x 534.14853pt.
 <WaterQuality-2.jpg, id=66, 505.89pt x 815.045pt>
File: WaterQuality-2.jpg Graphic file (type jpg)

<use WaterQuality-2.jpg>
Package pdftex.def Info: WaterQuality-2.jpg used on input line 641.
(pdftex.def)             Requested size: 325.215pt x 523.96509pt.
 <WaterQuality-3.jpg, id=67, 507.8975pt x 816.04875pt>
File: WaterQuality-3.jpg Graphic file (type jpg)

<use WaterQuality-3.jpg>
Package pdftex.def Info: WaterQuality-3.jpg used on input line 648.
(pdftex.def)             Requested size: 325.215pt x 522.54337pt.


Package Fancyhdr Warning: \headheight is too small (12.0pt): 
 Make it at least 13.59999pt.
 We now make it that large for the rest of the document.
 This may cause the page layout to be inconsistent, however.

[16]

LaTeX Warning: Text page 17 contains only floats.


Package Fancyhdr Warning: \headheight is too small (12.0pt): 
 Make it at least 13.59999pt.
 We now make it that large for the rest of the document.
 This may cause the page layout to be inconsistent, however.

[17 <./WaterQuality-1.jpg>]

Package Fancyhdr Warning: \headheight is too small (12.0pt): 
 Make it at least 13.59999pt.
 We now make it that large for the rest of the document.
 This may cause the page layout to be inconsistent, however.

[18 <./WaterQuality-2.jpg>]

Package Fancyhdr Warning: \headheight is too small (12.0pt): 
 Make it at least 13.59999pt.
 We now make it that large for the rest of the document.
 This may cause the page layout to be inconsistent, however.

[19 <./WaterQuality-3.jpg>]

pdfTeX warning: /Library/TeX/texbin/pdflatex (file ./FER-p1.pdf): PDF inclusion
: found PDF version <1.7>, but at most version <1.5> allowed
<FER-p1.pdf, id=81, 614.295pt x 794.97pt>
File: FER-p1.pdf Graphic file (type pdf)
 <use FER-p1.pdf>
Package pdftex.def Info: FER-p1.pdf used on input line 657.
(pdftex.def)             Requested size: 614.29349pt x 794.96806pt.


pdfTeX warning: /Library/TeX/texbin/pdflatex (file ./FER-p1.pdf): PDF inclusion
: found PDF version <1.7>, but at most version <1.5> allowed
File: FER-p1.pdf Graphic file (type pdf)
<use FER-p1.pdf>
Package pdftex.def Info: FER-p1.pdf used on input line 657.
(pdftex.def)             Requested size: 614.29349pt x 794.96806pt.


pdfTeX warning: /Library/TeX/texbin/pdflatex (file ./FER-p1.pdf): PDF inclusion
: found PDF version <1.7>, but at most version <1.5> allowed


pdfTeX warning: /Library/TeX/texbin/pdflatex (file ./FER-p1.pdf): PDF inclusion
: found PDF version <1.7>, but at most version <1.5> allowed
<FER-p1.pdf, id=84, page=1, 614.295pt x 794.97pt>
File: FER-p1.pdf Graphic file (type pdf)
 <use FER-p1.pdf, page 1>
Package pdftex.def Info: FER-p1.pdf, page1 used on input line 657.
(pdftex.def)             Requested size: 614.29349pt x 794.96806pt.
File: FER-p1.pdf Graphic file (type pdf)

<use FER-p1.pdf, page 1>
Package pdftex.def Info: FER-p1.pdf, page1 used on input line 657.
(pdftex.def)             Requested size: 614.58406pt x 795.3441pt.
File: FER-p1.pdf Graphic file (type pdf)
 <use FER-p1.pdf, page 1>
Package pdftex.def Info: FER-p1.pdf, page1 used on input line 657.
(pdftex.def)             Requested size: 614.58406pt x 795.3441pt.
File: FER-p1.pdf Graphic file (type pdf)
 <use FER-p1.pdf, page 1>
Package pdftex.def Info: FER-p1.pdf, page1 used on input line 657.
(pdftex.def)             Requested size: 614.58406pt x 795.3441pt.
File: FER-p1.pdf Graphic file (type pdf)

<use FER-p1.pdf, page 1>
Package pdftex.def Info: FER-p1.pdf, page1 used on input line 657.
(pdftex.def)             Requested size: 614.58406pt x 795.3441pt.
 [20

 <./FER-p1.pdf>]

pdfTeX warning: /Library/TeX/texbin/pdflatex (file ./FER-p2.pdf): PDF inclusion
: found PDF version <1.7>, but at most version <1.5> allowed
<FER-p2.pdf, id=190, 614.295pt x 794.97pt>
File: FER-p2.pdf Graphic file (type pdf)
 <use FER-p2.pdf>
Package pdftex.def Info: FER-p2.pdf used on input line 658.
(pdftex.def)             Requested size: 614.29349pt x 794.96806pt.


pdfTeX warning: /Library/TeX/texbin/pdflatex (file ./FER-p2.pdf): PDF inclusion
: found PDF version <1.7>, but at most version <1.5> allowed
File: FER-p2.pdf Graphic file (type pdf)
<use FER-p2.pdf>
Package pdftex.def Info: FER-p2.pdf used on input line 658.
(pdftex.def)             Requested size: 614.29349pt x 794.96806pt.


pdfTeX warning: /Library/TeX/texbin/pdflatex (file ./FER-p2.pdf): PDF inclusion
: found PDF version <1.7>, but at most version <1.5> allowed


pdfTeX warning: /Library/TeX/texbin/pdflatex (file ./FER-p2.pdf): PDF inclusion
: found PDF version <1.7>, but at most version <1.5> allowed
<FER-p2.pdf, id=193, page=1, 614.295pt x 794.97pt>
File: FER-p2.pdf Graphic file (type pdf)
 <use FER-p2.pdf, page 1>
Package pdftex.def Info: FER-p2.pdf, page1 used on input line 658.
(pdftex.def)             Requested size: 614.29349pt x 794.96806pt.
File: FER-p2.pdf Graphic file (type pdf)

<use FER-p2.pdf, page 1>
Package pdftex.def Info: FER-p2.pdf, page1 used on input line 658.
(pdftex.def)             Requested size: 614.58406pt x 795.3441pt.
File: FER-p2.pdf Graphic file (type pdf)
 <use FER-p2.pdf, page 1>
Package pdftex.def Info: FER-p2.pdf, page1 used on input line 658.
(pdftex.def)             Requested size: 614.58406pt x 795.3441pt.
File: FER-p2.pdf Graphic file (type pdf)
 <use FER-p2.pdf, page 1>
Package pdftex.def Info: FER-p2.pdf, page1 used on input line 658.
(pdftex.def)             Requested size: 614.58406pt x 795.3441pt.
File: FER-p2.pdf Graphic file (type pdf)

<use FER-p2.pdf, page 1>
Package pdftex.def Info: FER-p2.pdf, page1 used on input line 658.
(pdftex.def)             Requested size: 614.58406pt x 795.3441pt.
 [21 <./FER-p2.pdf>] 
AED: lastpage setting LastPage
(./ce-3372-2018-1-ex2V1.2.aux) ) 
Here is how much of TeX's memory you used:
 5225 strings out of 493014
 70579 string characters out of 6133351
 197483 words of memory out of 5000000
 8645 multiletter control sequences out of 15000+600000
 10954 words of font info for 43 fonts, out of 8000000 for 9000
 1142 hyphenation exceptions out of 8191
 42i,18n,43p,509b,481s stack positions out of 5000i,500n,10000p,200000b,80000s
</usr/local/texlive/2016/texmf-dist/fonts/type1
/public/amsfonts/cm/cmbx10.pfb></usr/local/texlive/2016/texmf-dist/fonts/type1/
public/amsfonts/cm/cmmi10.pfb></usr/local/texlive/2016/texmf-dist/fonts/type1/p
ublic/amsfonts/cm/cmmi8.pfb></usr/local/texlive/2016/texmf-dist/fonts/type1/pub
lic/amsfonts/cm/cmr10.pfb></usr/local/texlive/2016/texmf-dist/fonts/type1/publi
c/amsfonts/cm/cmr6.pfb></usr/local/texlive/2016/texmf-dist/fonts/type1/public/a
msfonts/cm/cmr8.pfb></usr/local/texlive/2016/texmf-dist/fonts/type1/public/amsf
onts/cm/cmr9.pfb></usr/local/texlive/2016/texmf-dist/fonts/type1/public/amsfont
s/cm/cmsy10.pfb></usr/local/texlive/2016/texmf-dist/fonts/type1/public/amsfonts
/cm/cmsy8.pfb></usr/local/texlive/2016/texmf-dist/fonts/type1/public/amsfonts/c
m/cmtt10.pfb>
Output written on ce-3372-2018-1-ex2V1.2.pdf (21 pages, 1857187 bytes).
PDF statistics:
 282 PDF objects out of 1000 (max. 8388607)
 183 compressed objects within 2 object streams
 0 named destinations out of 1000 (max. 500000)
 81 words of extra memory for PDF output out of 10000 (max. 10000000)

