Traceback (most recent call last):
  File "/opt/jupyterhub/lib/python3.8/site-packages/jupyter_cache/executors/utils.py", line 51, in single_nb_execution
    executenb(
  File "/opt/jupyterhub/lib/python3.8/site-packages/nbclient/client.py", line 1087, in execute
    return NotebookClient(nb=nb, resources=resources, km=km, **kwargs).execute()
  File "/opt/jupyterhub/lib/python3.8/site-packages/nbclient/util.py", line 74, in wrapped
    return just_run(coro(*args, **kwargs))
  File "/opt/jupyterhub/lib/python3.8/site-packages/nbclient/util.py", line 53, in just_run
    return loop.run_until_complete(coro)
  File "/usr/lib/python3.8/asyncio/base_events.py", line 616, in run_until_complete
    return future.result()
  File "/opt/jupyterhub/lib/python3.8/site-packages/nbclient/client.py", line 540, in async_execute
    await self.async_execute_cell(
  File "/opt/jupyterhub/lib/python3.8/site-packages/nbclient/client.py", line 832, in async_execute_cell
    self._check_raise_for_error(cell, exec_reply)
  File "/opt/jupyterhub/lib/python3.8/site-packages/nbclient/client.py", line 740, in _check_raise_for_error
    raise CellExecutionError.from_cell_and_msg(cell, exec_reply['content'])
nbclient.exceptions.CellExecutionError: An error occurred while executing the following cell:
------------------
# interface engine
# Get pipe diameter, use a simple error trap
yes=0
while yes == 0:
    xnow = input("Enter Pipe Diameter \n")
    try:
        pipe_diameter = float(xnow)
        yes =1
    except:
        print ("Value should be numeric, try again \n")
# Get pipe length, use a simple error trap
yes=0
while yes == 0:
    xnow = input("Enter Pipe Length \n")
    try:
        pipe_length = float(xnow)
        yes =1
    except:
        print ("Value should be numeric, try again \n")
# Get roughness, use a simple error trap
yes=0
while yes == 0:
    xnow = input("Enter Pipe Roughness Height \n")
    try:
        roughness = float(xnow)
        yes =1
    except:
        print ("Value should be numeric, try again \n")
# Get viscosity, use a simple error trap
yes=0
while yes == 0:
    xnow = input("Enter liquid viscosity \n")
    try:
        viscosity = float(xnow)
        yes =1
    except:
        print ("Value should be numeric, try again \n")
# Get grabity, use a simple error trap
yes=0
while yes == 0:
    xnow = input("Enter gravitational acceleration constant (unit system appropriate) \n")
    try:
        grabity = float(xnow)
        yes =1
    except:
        print ("Value should be numeric, try again \n")
# Get head loss, use a simple error trap
yes=0
while yes == 0:
    xnow = input("Enter head loss \n")
    try:
        head_loss = float(xnow)
        yes =1
    except:
        print ("Value should be numeric, try again \n")
------------------

[0;31m---------------------------------------------------------------------------[0m
[0;31mStdinNotImplementedError[0m                  Traceback (most recent call last)
[0;32m<ipython-input-2-e3af73397bd7>[0m in [0;36m<module>[0;34m[0m
[1;32m      3[0m [0myes[0m[0;34m=[0m[0;36m0[0m[0;34m[0m[0;34m[0m[0m
[1;32m      4[0m [0;32mwhile[0m [0myes[0m [0;34m==[0m [0;36m0[0m[0;34m:[0m[0;34m[0m[0;34m[0m[0m
[0;32m----> 5[0;31m     [0mxnow[0m [0;34m=[0m [0minput[0m[0;34m([0m[0;34m"Enter Pipe Diameter \n"[0m[0;34m)[0m[0;34m[0m[0;34m[0m[0m
[0m[1;32m      6[0m     [0;32mtry[0m[0;34m:[0m[0;34m[0m[0;34m[0m[0m
[1;32m      7[0m         [0mpipe_diameter[0m [0;34m=[0m [0mfloat[0m[0;34m([0m[0mxnow[0m[0;34m)[0m[0;34m[0m[0;34m[0m[0m

[0;32m/opt/jupyterhub/lib/python3.8/site-packages/ipykernel/kernelbase.py[0m in [0;36mraw_input[0;34m(self, prompt)[0m
[1;32m    855[0m         """
[1;32m    856[0m         [0;32mif[0m [0;32mnot[0m [0mself[0m[0;34m.[0m[0m_allow_stdin[0m[0;34m:[0m[0;34m[0m[0;34m[0m[0m
[0;32m--> 857[0;31m             raise StdinNotImplementedError(
[0m[1;32m    858[0m                 [0;34m"raw_input was called, but this frontend does not support input requests."[0m[0;34m[0m[0;34m[0m[0m
[1;32m    859[0m             )

[0;31mStdinNotImplementedError[0m: raw_input was called, but this frontend does not support input requests.
StdinNotImplementedError: raw_input was called, but this frontend does not support input requests.

