Traceback (most recent call last):
  File "/opt/jupyterhub/lib/python3.8/site-packages/jupyter_cache/executors/utils.py", line 51, in single_nb_execution
    executenb(
  File "/opt/jupyterhub/lib/python3.8/site-packages/nbclient/client.py", line 1087, in execute
    return NotebookClient(nb=nb, resources=resources, km=km, **kwargs).execute()
  File "/opt/jupyterhub/lib/python3.8/site-packages/nbclient/util.py", line 74, in wrapped
    return just_run(coro(*args, **kwargs))
  File "/opt/jupyterhub/lib/python3.8/site-packages/nbclient/util.py", line 53, in just_run
    return loop.run_until_complete(coro)
  File "/usr/lib/python3.8/asyncio/base_events.py", line 616, in run_until_complete
    return future.result()
  File "/opt/jupyterhub/lib/python3.8/site-packages/nbclient/client.py", line 540, in async_execute
    await self.async_execute_cell(
  File "/opt/jupyterhub/lib/python3.8/site-packages/nbclient/client.py", line 832, in async_execute_cell
    self._check_raise_for_error(cell, exec_reply)
  File "/opt/jupyterhub/lib/python3.8/site-packages/nbclient/client.py", line 740, in _check_raise_for_error
    raise CellExecutionError.from_cell_and_msg(cell, exec_reply['content'])
nbclient.exceptions.CellExecutionError: An error occurred while executing the following cell:
------------------
# ############### Supervisory Control and Output Engine #######################
# Set Initial Values (non-null) to Allocate variable Names
# call the interface
getInputs()
# call the computation engine
discharge = jainQ(pipe_diameter,pipe_length,roughness,viscosity,grabity,head_loss)
# Echo inputs, and outputs
print ("Pipe Diameter : ", pipe_diameter)
print ("Pipe Length : ", pipe_length)
print ("Pipe Roughness Height : ", roughness)
print ("Liquid Viscosity : ", viscosity)
print ("Gravitational acceleration constant : ",grabity) 
print ("Head loss : ",head_loss)
print ("Discharge : ",discharge)
------------------

[0;31m---------------------------------------------------------------------------[0m
[0;31mStdinNotImplementedError[0m                  Traceback (most recent call last)
[0;32m<ipython-input-3-bf6d1486d951>[0m in [0;36m<module>[0;34m[0m
[1;32m      2[0m [0;31m# Set Initial Values (non-null) to Allocate variable Names[0m[0;34m[0m[0;34m[0m[0;34m[0m[0m
[1;32m      3[0m [0;31m# call the interface[0m[0;34m[0m[0;34m[0m[0;34m[0m[0m
[0;32m----> 4[0;31m [0mgetInputs[0m[0;34m([0m[0;34m)[0m[0;34m[0m[0;34m[0m[0m
[0m[1;32m      5[0m [0;31m# call the computation engine[0m[0;34m[0m[0;34m[0m[0;34m[0m[0m
[1;32m      6[0m [0mdischarge[0m [0;34m=[0m [0mjainQ[0m[0;34m([0m[0mpipe_diameter[0m[0;34m,[0m[0mpipe_length[0m[0;34m,[0m[0mroughness[0m[0;34m,[0m[0mviscosity[0m[0;34m,[0m[0mgrabity[0m[0;34m,[0m[0mhead_loss[0m[0;34m)[0m[0;34m[0m[0;34m[0m[0m

[0;32m<ipython-input-2-1fb1dc61374d>[0m in [0;36mgetInputs[0;34m()[0m
[1;32m      4[0m     [0myes[0m[0;34m=[0m[0;36m0[0m[0;34m[0m[0;34m[0m[0m
[1;32m      5[0m     [0;32mwhile[0m [0myes[0m [0;34m==[0m [0;36m0[0m[0;34m:[0m[0;34m[0m[0;34m[0m[0m
[0;32m----> 6[0;31m         [0mxnow[0m [0;34m=[0m [0minput[0m[0;34m([0m[0;34m"Enter Pipe Diameter \n"[0m[0;34m)[0m[0;34m[0m[0;34m[0m[0m
[0m[1;32m      7[0m         [0;32mtry[0m[0;34m:[0m[0;34m[0m[0;34m[0m[0m
[1;32m      8[0m             [0mpipe_diameter[0m [0;34m=[0m [0mfloat[0m[0;34m([0m[0mxnow[0m[0;34m)[0m[0;34m[0m[0;34m[0m[0m

[0;32m/opt/jupyterhub/lib/python3.8/site-packages/ipykernel/kernelbase.py[0m in [0;36mraw_input[0;34m(self, prompt)[0m
[1;32m    855[0m         """
[1;32m    856[0m         [0;32mif[0m [0;32mnot[0m [0mself[0m[0;34m.[0m[0m_allow_stdin[0m[0;34m:[0m[0;34m[0m[0;34m[0m[0m
[0;32m--> 857[0;31m             raise StdinNotImplementedError(
[0m[1;32m    858[0m                 [0;34m"raw_input was called, but this frontend does not support input requests."[0m[0;34m[0m[0;34m[0m[0m
[1;32m    859[0m             )

[0;31mStdinNotImplementedError[0m: raw_input was called, but this frontend does not support input requests.
StdinNotImplementedError: raw_input was called, but this frontend does not support input requests.

